\BOOKMARK [1][-]{section.1}{Introduction}{}% 1
\BOOKMARK [2][-]{subsection.1.1}{Purpose}{section.1}% 2
\BOOKMARK [2][-]{subsection.1.2}{Scope}{section.1}% 3
\BOOKMARK [2][-]{subsection.1.3}{Definitions, Acronyms, Abbreviations}{section.1}% 4
\BOOKMARK [3][-]{subsubsection.1.3.1}{Definitions}{subsection.1.3}% 5
\BOOKMARK [3][-]{subsubsection.1.3.2}{Acronyms}{subsection.1.3}% 6
\BOOKMARK [3][-]{subsubsection.1.3.3}{Abbreviations}{subsection.1.3}% 7
\BOOKMARK [2][-]{subsection.1.4}{Revision history}{section.1}% 8
\BOOKMARK [2][-]{subsection.1.5}{Reference Documents}{section.1}% 9
\BOOKMARK [2][-]{subsection.1.6}{Document Structure}{section.1}% 10
\BOOKMARK [1][-]{section.2}{Architectural Design}{}% 11
\BOOKMARK [1][-]{section.3}{User Interface Design}{}% 12
\BOOKMARK [1][-]{section.4}{Requirements Traceability}{}% 13
\BOOKMARK [2][-]{subsection.4.1}{External interface requirements}{section.4}% 14
\BOOKMARK [3][-]{subsubsection.4.1.1}{User interfaces}{subsection.4.1}% 15
\BOOKMARK [3][-]{subsubsection.4.1.2}{Hardware interfaces}{subsection.4.1}% 16
\BOOKMARK [3][-]{subsubsection.4.1.3}{Software interfaces}{subsection.4.1}% 17
\BOOKMARK [3][-]{subsubsection.4.1.4}{Communication interfaces}{subsection.4.1}% 18
\BOOKMARK [2][-]{subsection.4.2}{Functional requirements}{section.4}% 19
\BOOKMARK [3][-]{subsubsection.4.2.1}{List of requirements}{subsection.4.2}% 20
\BOOKMARK [3][-]{subsubsection.4.2.2}{Mapping on requirements}{subsection.4.2}% 21
\BOOKMARK [3][-]{subsubsection.4.2.3}{Use case diagram}{subsection.4.2}% 22
\BOOKMARK [3][-]{subsubsection.4.2.4}{Use cases}{subsection.4.2}% 23
\BOOKMARK [3][-]{subsubsection.4.2.5}{Sequence diagrams}{subsection.4.2}% 24
\BOOKMARK [2][-]{subsection.4.3}{Performance Requirements}{section.4}% 25
\BOOKMARK [2][-]{subsection.4.4}{Design Constraints}{section.4}% 26
\BOOKMARK [3][-]{subsubsection.4.4.1}{Standards compliance}{subsection.4.4}% 27
\BOOKMARK [3][-]{subsubsection.4.4.2}{Hardware limitations}{subsection.4.4}% 28
\BOOKMARK [3][-]{subsubsection.4.4.3}{Any other constraint}{subsection.4.4}% 29
\BOOKMARK [2][-]{subsection.4.5}{Software System Attributes}{section.4}% 30
\BOOKMARK [3][-]{subsubsection.4.5.1}{Reliability}{subsection.4.5}% 31
\BOOKMARK [3][-]{subsubsection.4.5.2}{Availability}{subsection.4.5}% 32
\BOOKMARK [3][-]{subsubsection.4.5.3}{Security}{subsection.4.5}% 33
\BOOKMARK [3][-]{subsubsection.4.5.4}{Maintainability}{subsection.4.5}% 34
\BOOKMARK [3][-]{subsubsection.4.5.5}{Portability}{subsection.4.5}% 35
\BOOKMARK [1][-]{section.5}{Implementation, Integration and Test Plan}{}% 36
\BOOKMARK [1][-]{section.6}{Effort Spent}{}% 37
\BOOKMARK [2][-]{subsection.6.1}{Simone Abelli}{section.6}% 38
\BOOKMARK [2][-]{subsection.6.2}{Stefano Azzone}{section.6}% 39
\BOOKMARK [1][-]{subsection.6.2}{References}{}% 40
