\BOOKMARK [1][-]{section.1}{Introduction}{}% 1
\BOOKMARK [2][-]{subsection.1.1}{Purpose}{section.1}% 2
\BOOKMARK [2][-]{subsection.1.2}{Scope}{section.1}% 3
\BOOKMARK [3][-]{subsubsection.1.2.1}{World Phenomena}{subsection.1.2}% 4
\BOOKMARK [3][-]{subsubsection.1.2.2}{Shared Phenomena}{subsection.1.2}% 5
\BOOKMARK [3][-]{subsubsection.1.2.3}{World Phenomena}{subsection.1.2}% 6
\BOOKMARK [2][-]{subsection.1.3}{Definitions, Acronyms, Abbreviations}{section.1}% 7
\BOOKMARK [3][-]{subsubsection.1.3.1}{Definitions}{subsection.1.3}% 8
\BOOKMARK [3][-]{subsubsection.1.3.2}{Acronyms}{subsection.1.3}% 9
\BOOKMARK [3][-]{subsubsection.1.3.3}{Abbreviations}{subsection.1.3}% 10
\BOOKMARK [2][-]{subsection.1.4}{Revision history}{section.1}% 11
\BOOKMARK [2][-]{subsection.1.5}{Reference Documents}{section.1}% 12
\BOOKMARK [2][-]{subsection.1.6}{Document Structure}{section.1}% 13
\BOOKMARK [1][-]{section.2}{Overall Description}{}% 14
\BOOKMARK [2][-]{subsection.2.1}{Product perspective}{section.2}% 15
\BOOKMARK [3][-]{subsubsection.2.1.1}{Customer}{subsection.2.1}% 16
\BOOKMARK [3][-]{subsubsection.2.1.2}{Store owner}{subsection.2.1}% 17
\BOOKMARK [3][-]{subsubsection.2.1.3}{State charts}{subsection.2.1}% 18
\BOOKMARK [1][-]{section.3}{Specific Requirements}{}% 19
\BOOKMARK [1][-]{section.4}{Formal Analysis Using Alloy}{}% 20
\BOOKMARK [1][-]{section.5}{Effort Spent}{}% 21
\BOOKMARK [1][-]{Item.26}{References}{}% 22
